<?xml version="1.0" encoding="UTF-8"?>
<testsuite xmlns:xsi="http://www.w3.org/2001/XMLSchema-instance" xsi:noNamespaceSchemaLocation="https://maven.apache.org/surefire/maven-surefire-plugin/xsd/surefire-test-report.xsd" name="me.imprial.AppTest" time="0.03" tests="1" errors="0" skipped="0" failures="0">
  <properties>
    <property name="java.specification.version" value="22"/>
    <property name="sun.cpu.isalist" value="amd64"/>
    <property name="sun.jnu.encoding" value="Cp1252"/>
    <property name="java.class.path" value="c:\Repositories\ElytraHop\elytrahop\target\test-classes;c:\Repositories\ElytraHop\elytrahop\target\classes;C:\Users\Imprial\.m2\repository\junit\junit\4.11\junit-4.11.jar;C:\Users\Imprial\.m2\repository\org\hamcrest\hamcrest-core\1.3\hamcrest-core-1.3.jar;C:\Users\Imprial\.m2\repository\net\minestom\minestom\2025.07.27-1.21.8\minestom-2025.07.27-1.21.8.jar;C:\Users\Imprial\.m2\repository\org\jetbrains\annotations\26.0.1\annotations-26.0.1.jar;C:\Users\Imprial\.m2\repository\net\kyori\adventure-api\4.23.0\adventure-api-4.23.0.jar;C:\Users\Imprial\.m2\repository\net\kyori\adventure-key\4.23.0\adventure-key-4.23.0.jar;C:\Users\Imprial\.m2\repository\net\kyori\examination-api\1.3.0\examination-api-1.3.0.jar;C:\Users\Imprial\.m2\repository\net\kyori\examination-string\1.3.0\examination-string-1.3.0.jar;C:\Users\Imprial\.m2\repository\net\kyori\adventure-nbt\4.23.0\adventure-nbt-4.23.0.jar;C:\Users\Imprial\.m2\repository\net\kyori\adventure-text-serializer-gson\4.23.0\adventure-text-serializer-gson-4.23.0.jar;C:\Users\Imprial\.m2\repository\net\kyori\adventure-text-serializer-json\4.23.0\adventure-text-serializer-json-4.23.0.jar;C:\Users\Imprial\.m2\repository\net\kyori\option\1.1.0\option-1.1.0.jar;C:\Users\Imprial\.m2\repository\org\jspecify\jspecify\1.0.0\jspecify-1.0.0.jar;C:\Users\Imprial\.m2\repository\com\google\auto\service\auto-service-annotations\1.1.1\auto-service-annotations-1.1.1.jar;C:\Users\Imprial\.m2\repository\net\kyori\adventure-text-serializer-commons\4.23.0\adventure-text-serializer-commons-4.23.0.jar;C:\Users\Imprial\.m2\repository\net\kyori\adventure-text-serializer-legacy\4.23.0\adventure-text-serializer-legacy-4.23.0.jar;C:\Users\Imprial\.m2\repository\net\kyori\adventure-text-serializer-plain\4.23.0\adventure-text-serializer-plain-4.23.0.jar;C:\Users\Imprial\.m2\repository\net\kyori\adventure-text-logger-slf4j\4.23.0\adventure-text-logger-slf4j-4.23.0.jar;C:\Users\Imprial\.m2\repository\it\unimi\dsi\fastutil\8.5.15\fastutil-8.5.15.jar;C:\Users\Imprial\.m2\repository\com\google\code\gson\gson\2.11.0\gson-2.11.0.jar;C:\Users\Imprial\.m2\repository\com\google\errorprone\error_prone_annotations\2.27.0\error_prone_annotations-2.27.0.jar;C:\Users\Imprial\.m2\repository\org\slf4j\slf4j-api\2.0.16\slf4j-api-2.0.16.jar;C:\Users\Imprial\.m2\repository\net\minestom\data\1.21.8-rv1\data-1.21.8-rv1.jar;C:\Users\Imprial\.m2\repository\space\vectrix\flare\flare\2.0.1\flare-2.0.1.jar;C:\Users\Imprial\.m2\repository\space\vectrix\flare\flare-fastutil\2.0.1\flare-fastutil-2.0.1.jar;C:\Users\Imprial\.m2\repository\org\jctools\jctools-core\4.0.5\jctools-core-4.0.5.jar;"/>
    <property name="java.vm.vendor" value="Oracle Corporation"/>
    <property name="sun.arch.data.model" value="64"/>
    <property name="user.variant" value=""/>
    <property name="java.vendor.url" value="https://java.oracle.com/"/>
    <property name="user.timezone" value="America/Winnipeg"/>
    <property name="os.name" value="Windows 11"/>
    <property name="java.vm.specification.version" value="22"/>
    <property name="sun.java.launcher" value="SUN_STANDARD"/>
    <property name="user.country" value="US"/>
    <property name="sun.boot.library.path" value="C:\Program Files\Java\jdk-22\bin"/>
    <property name="sun.java.command" value="C:\Users\Imprial\AppData\Local\Temp\surefire17202097732076187875\surefirebooter3785445174210247430.jar C:\Users\Imprial\AppData\Local\Temp\surefire17202097732076187875 2025-07-30T17-51-35_125-jvmRun1 surefire8801894456430862344tmp surefire_06412442326505230068tmp"/>
    <property name="jdk.debug" value="release"/>
    <property name="surefire.test.class.path" value="c:\Repositories\ElytraHop\elytrahop\target\test-classes;c:\Repositories\ElytraHop\elytrahop\target\classes;C:\Users\Imprial\.m2\repository\junit\junit\4.11\junit-4.11.jar;C:\Users\Imprial\.m2\repository\org\hamcrest\hamcrest-core\1.3\hamcrest-core-1.3.jar;C:\Users\Imprial\.m2\repository\net\minestom\minestom\2025.07.27-1.21.8\minestom-2025.07.27-1.21.8.jar;C:\Users\Imprial\.m2\repository\org\jetbrains\annotations\26.0.1\annotations-26.0.1.jar;C:\Users\Imprial\.m2\repository\net\kyori\adventure-api\4.23.0\adventure-api-4.23.0.jar;C:\Users\Imprial\.m2\repository\net\kyori\adventure-key\4.23.0\adventure-key-4.23.0.jar;C:\Users\Imprial\.m2\repository\net\kyori\examination-api\1.3.0\examination-api-1.3.0.jar;C:\Users\Imprial\.m2\repository\net\kyori\examination-string\1.3.0\examination-string-1.3.0.jar;C:\Users\Imprial\.m2\repository\net\kyori\adventure-nbt\4.23.0\adventure-nbt-4.23.0.jar;C:\Users\Imprial\.m2\repository\net\kyori\adventure-text-serializer-gson\4.23.0\adventure-text-serializer-gson-4.23.0.jar;C:\Users\Imprial\.m2\repository\net\kyori\adventure-text-serializer-json\4.23.0\adventure-text-serializer-json-4.23.0.jar;C:\Users\Imprial\.m2\repository\net\kyori\option\1.1.0\option-1.1.0.jar;C:\Users\Imprial\.m2\repository\org\jspecify\jspecify\1.0.0\jspecify-1.0.0.jar;C:\Users\Imprial\.m2\repository\com\google\auto\service\auto-service-annotations\1.1.1\auto-service-annotations-1.1.1.jar;C:\Users\Imprial\.m2\repository\net\kyori\adventure-text-serializer-commons\4.23.0\adventure-text-serializer-commons-4.23.0.jar;C:\Users\Imprial\.m2\repository\net\kyori\adventure-text-serializer-legacy\4.23.0\adventure-text-serializer-legacy-4.23.0.jar;C:\Users\Imprial\.m2\repository\net\kyori\adventure-text-serializer-plain\4.23.0\adventure-text-serializer-plain-4.23.0.jar;C:\Users\Imprial\.m2\repository\net\kyori\adventure-text-logger-slf4j\4.23.0\adventure-text-logger-slf4j-4.23.0.jar;C:\Users\Imprial\.m2\repository\it\unimi\dsi\fastutil\8.5.15\fastutil-8.5.15.jar;C:\Users\Imprial\.m2\repository\com\google\code\gson\gson\2.11.0\gson-2.11.0.jar;C:\Users\Imprial\.m2\repository\com\google\errorprone\error_prone_annotations\2.27.0\error_prone_annotations-2.27.0.jar;C:\Users\Imprial\.m2\repository\org\slf4j\slf4j-api\2.0.16\slf4j-api-2.0.16.jar;C:\Users\Imprial\.m2\repository\net\minestom\data\1.21.8-rv1\data-1.21.8-rv1.jar;C:\Users\Imprial\.m2\repository\space\vectrix\flare\flare\2.0.1\flare-2.0.1.jar;C:\Users\Imprial\.m2\repository\space\vectrix\flare\flare-fastutil\2.0.1\flare-fastutil-2.0.1.jar;C:\Users\Imprial\.m2\repository\org\jctools\jctools-core\4.0.5\jctools-core-4.0.5.jar;"/>
    <property name="sun.cpu.endian" value="little"/>
    <property name="user.home" value="C:\Users\Imprial"/>
    <property name="user.language" value="en"/>
    <property name="java.specification.vendor" value="Oracle Corporation"/>
    <property name="java.version.date" value="2024-07-16"/>
    <property name="java.home" value="C:\Program Files\Java\jdk-22"/>
    <property name="file.separator" value="\"/>
    <property name="basedir" value="c:\Repositories\ElytraHop\elytrahop"/>
    <property name="java.vm.compressedOopsMode" value="Zero based"/>
    <property name="line.separator" value="&#10;"/>
    <property name="java.vm.specification.vendor" value="Oracle Corporation"/>
    <property name="java.specification.name" value="Java Platform API Specification"/>
    <property name="surefire.real.class.path" value="C:\Users\Imprial\AppData\Local\Temp\surefire17202097732076187875\surefirebooter3785445174210247430.jar"/>
    <property name="user.script" value=""/>
    <property name="sun.management.compiler" value="HotSpot 64-Bit Tiered Compilers"/>
    <property name="java.runtime.version" value="22.0.2+9-70"/>
    <property name="user.name" value="Imprial"/>
    <property name="stdout.encoding" value="Cp1252"/>
    <property name="path.separator" value=";"/>
    <property name="os.version" value="10.0"/>
    <property name="java.runtime.name" value="Java(TM) SE Runtime Environment"/>
    <property name="file.encoding" value="UTF-8"/>
    <property name="java.vm.name" value="Java HotSpot(TM) 64-Bit Server VM"/>
    <property name="localRepository" value="C:\Users\Imprial\.m2\repository"/>
    <property name="java.vendor.url.bug" value="https://bugreport.java.com/bugreport/"/>
    <property name="java.io.tmpdir" value="C:\Users\Imprial\AppData\Local\Temp\"/>
    <property name="java.version" value="22.0.2"/>
    <property name="user.dir" value="c:\Repositories\ElytraHop\elytrahop"/>
    <property name="os.arch" value="amd64"/>
    <property name="java.vm.specification.name" value="Java Virtual Machine Specification"/>
    <property name="sun.os.patch.level" value=""/>
    <property name="native.encoding" value="Cp1252"/>
    <property name="java.library.path" value="C:\Program Files\Java\jdk-22\bin;C:\Windows\Sun\Java\bin;C:\Windows\system32;C:\Windows;C:\Program Files\Common Files\Oracle\Java\javapath;C:\Program Files (x86)\Common Files\Oracle\Java\java8path;C:\Program Files (x86)\Common Files\Oracle\Java\javapath;C:\Windows\system32;C:\Windows;C:\Windows\System32\Wbem;C:\Windows\System32\WindowsPowerShell\v1.0\;C:\Windows\System32\OpenSSH\;C:\Program Files\Microsoft SQL Server\150\Tools\Binn\;C:\Program Files\Microsoft SQL Server\Client SDK\ODBC\170\Tools\Binn\;C:\Program Files\dotnet\;C:\Program Files\Git\cmd;C:\Program Files\maven\apache-maven-3.9.6\bin;C:\Program Files\Docker\Docker\resources\bin;C:\Program Files\Kubernetes\Minikube;C:\Program Files (x86)\NVIDIA Corporation\PhysX\Common;C:\Program Files\nodejs\;C:\Users\Imprial\AppData\Local\Microsoft\WindowsApps\PythonSoftwareFoundation.Python.3.12_qbz5n2kfra8p0\python3.exe;C:\Program Files\protoc-29.1-win64\bin;C:\Program Files\playit_gg\bin\;C:\Program Files\PuTTY\;C:\Program Files\Go\bin;C:\Users\Imprial\AppData\Local\Programs\Python\Python312\Scripts\;C:\Users\Imprial\AppData\Local\Programs\Python\Python312\;C:\Users\Imprial\AppData\Local\Programs\Python\Launcher\;C:\Users\Imprial\AppData\Local\Microsoft\WindowsApps;C:\Users\Imprial\AppData\Local\atom\bin;C:\Program Files\JetBrains\IntelliJ IDEA Community Edition 2023.2\bin;;C:\Users\Imprial\.dotnet\tools;C:\Users\Imprial\AppData\Local\Programs\Microsoft VS Code\bin;C:\Users\Imprial\AppData\Roaming\npm;C:\Users\Imprial\AppData\Local\Programs\mongosh\;C:\Users\Imprial\go\bin;C:\Users\Imprial\AppData\Local\GitHubDesktop\bin;."/>
    <property name="java.vm.info" value="mixed mode, sharing"/>
    <property name="stderr.encoding" value="Cp1252"/>
    <property name="java.vendor" value="Oracle Corporation"/>
    <property name="java.vm.version" value="22.0.2+9-70"/>
    <property name="sun.io.unicode.encoding" value="UnicodeLittle"/>
    <property name="java.class.version" value="66.0"/>
  </properties>
  <testcase name="shouldAnswerWithTrue" classname="me.imprial.AppTest" time="0.003"/>
</testsuite>